
[x] - Building Window : Code
[x] - Building Window : Window Server
[x] - Building Window : Window Server
[x] - Building Window : Dock
[x] - Building Window : Dock
[x] - Building Window : Code
[x] - Building Window : Code
[x] - Building Window : Code
[x] - Building Window : Code
[x] - Building Window : Code
[x] - Building Window : Code
[x] - Building Window : Code
[x] - Building Window : CCleaner
[x] - Building Window : CCleaner
[x] - Building Window : CCleaner
[x] - Building Window : CCleaner
[x] - Building Window : CCleaner
[x] - Building Window : Terminal
[x] - Building Window : Terminal
[x] - Building Window : Terminal
[x] - Building Window : Terminal
[x] - Building Window : Terminal
[x] - Building Window : Terminal
[x] - Building Window : Terminal
[x] - Building Window : Google Chrome
[x] - Building Window : Dock
[x] - Building Window : Dock
[x] - Building Window : Google Chrome
[x] - Building Window : Window Server
[x] - Building Window : UserNotificationCenter
[x] - Building Window : CoreServicesUIAgent
[x] - Building Window : Notification Centre
[x] - Building Window : Finder
[x] - Building Window : Google Chrome
[x] - Building Window : universalAccessAuthWarn
[x] - Building Window : OSDUIHelper
[x] - Building Window : Control Strip
[x] - Building Window : com.apple.PressAndHold
[x] - Building Window : Universal Control
[x] - Building Window : Google Chrome
[x] - Building Window : Google Chrome
[x] - Building Window : Google Chrome
[x] - Building Window : Google Chrome
[x] - Building Window : Google Chrome
[x] - Building Window : Google Chrome
[x] - Building Window : Window Server
[x] - Building Window : Finder
[x] - Building Window : CCleaner
[x] - Building Window : Finder
[x] - Building Window : Dock
[x] - Building Window : SystemUIServer
[x] - Building Window : Dock
[x] - Building Window : Finder
[x] - Building Window : Finder
[x] - Building Window : Spotlight
[x] - Building Window : Dock
[x] - Building Window : TextInputMenuAgent
[x] - Building Window : Control Centre
[x] - Building Window : Control Centre
[x] - Building Window : Window Server
[x] - Building Window : TextInputSwitcher
[x] - Building Window : Google Chrome
[x] - Building Window : Window Server
[x] - Building Window : Spotlight
[x] - Building Window : Finder
[x] - Building Window : Code
[x] - Building Window : Finder
[x] - Building Window : Window Server
[x] - Building Window : Control Centre
[x] - Building Window : Control Centre
[x] - Building Window : Control Centre
[x] - Building Window : Control Strip
[x] - Building Window : Control Strip
[x] - Building Window : Control Strip
[x] - Building Window : Control Strip
[x] - Building Window : Control Strip
[x] - Building Window : loginwindow
[x] - Building Window : Control Strip
[x] - Building Window : Notification Centre
[x] - Building Window : Control Centre
[x] - Building Window : Control Centre
[x] - Building Window : Control Centre
[x] - Building Window : Window Server
[x] - Building Window : Window Server
[x] - Building Window : Code
[x] - Building Window : Window Server
[x] - Building Window : Window Server
[x] - Building Window : Dock
[x] - Building Window : Dock
[x] - Building Window : Code
[x] - Building Window : Code
[x] - Building Window : Code
[x] - Building Window : Code
[x] - Building Window : Code
[x] - Building Window : Code
[x] - Building Window : Code
[x] - Building Window : CCleaner
[x] - Building Window : CCleaner
[x] - Building Window : CCleaner
[x] - Building Window : CCleaner
[x] - Building Window : CCleaner
[x] - Building Window : Terminal
[x] - Building Window : Terminal
[x] - Building Window : Terminal
[x] - Building Window : Terminal
[x] - Building Window : Terminal
[x] - Building Window : Terminal
[x] - Building Window : Terminal
[x] - Building Window : Google Chrome
[x] - Building Window : Dock
[x] - Building Window : Dock
[x] - Building Window : Google Chrome
[x] - Building Window : Window Server
[x] - Building Window : UserNotificationCenter
[x] - Building Window : CoreServicesUIAgent
[x] - Building Window : Notification Centre
[x] - Building Window : Finder
[x] - Building Window : Google Chrome
[x] - Building Window : universalAccessAuthWarn
[x] - Building Window : OSDUIHelper
[x] - Building Window : Control Strip
[x] - Building Window : com.apple.PressAndHold
[x] - Building Window : Universal Control
[x] - Building Window : Google Chrome
[x] - Building Window : Google Chrome
[x] - Building Window : Google Chrome
[x] - Building Window : Google Chrome
[x] - Building Window : Google Chrome
[x] - Building Window : Google Chrome
[x] - Building Window : Window Server
[x] - Building Window : Finder
[x] - Building Window : CCleaner
[x] - Building Window : Finder
[x] - Building Window : Dock
[x] - Building Window : SystemUIServer
[x] - Building Window : Dock
[x] - Building Window : Finder
[x] - Building Window : Finder
[x] - Building Window : Spotlight
[x] - Building Window : Dock
[x] - Building Window : TextInputMenuAgent
[x] - Building Window : Control Centre
[x] - Building Window : Control Centre
[x] - Building Window : Window Server
[x] - Building Window : TextInputSwitcher
[x] - Building Window : Google Chrome
[x] - Building Window : Window Server
[x] - Building Window : Spotlight
[x] - Building Window : Finder
[x] - Building Window : Code
[x] - Building Window : Finder
[x] - Building Window : Window Server
[x] - Building Window : Control Centre
[x] - Building Window : Control Centre
[x] - Building Window : Control Centre
[x] - Building Window : Control Strip
[x] - Building Window : Control Strip
[x] - Building Window : Control Strip
[x] - Building Window : Control Strip
[x] - Building Window : Control Strip
[x] - Building Window : loginwindow
[x] - Building Window : Control Strip
[x] - Building Window : Notification Centre
[x] - Building Window : Control Centre
[x] - Building Window : Control Centre
[x] - Building Window : Control Centre
[x] - Building Window : Window Server
[x] - Building Window : Window Server
[x] - Building Window : Code
[x] - Building Window : Window Server
[x] - Building Window : Window Server
[x] - Building Window : Code
[x] - Building Window : Code
[x] - Building Window : Code
[x] - Building Window : Code
[x] - Building Window : Code
[x] - Building Window : Code
[x] - Building Window : Google Chrome
[x] - Building Window : Window Server
[x] - Building Window : Window Server
[x] - Building Window : Google Chrome
[x] - Building Window : Ankama Launcher
[x] - Building Window : CCleaner
[x] - Building Window : CCleaner
[x] - Building Window : CCleaner
[x] - Building Window : CCleaner
[x] - Building Window : CCleaner
[x] - Building Window : Ankama Launcher
[x] - Building Window : Ankama Launcher
[x] - Building Window : Ankama Launcher
[x] - Building Window : Ankama Launcher
[x] - Building Window : Ankama Launcher
[x] - Building Window : Ankama Launcher
[x] - Building Window : Window Server
[x] - Building Window : UserNotificationCenter
[x] - Building Window : CoreServicesUIAgent
[x] - Building Window : Notification Centre
[x] - Building Window : Finder
[x] - Building Window : Google Chrome
[x] - Building Window : universalAccessAuthWarn
[x] - Building Window : OSDUIHelper
[x] - Building Window : Control Strip
[x] - Building Window : com.apple.PressAndHold
[x] - Building Window : Code
[x] - Building Window : Universal Control
[x] - Building Window : Google Chrome
[x] - Building Window : Google Chrome
[x] - Building Window : Google Chrome
[x] - Building Window : Dock
[x] - Building Window : Google Chrome
[x] - Building Window : Dock
[x] - Building Window : Google Chrome
[x] - Building Window : Google Chrome
[x] - Building Window : Finder
[x] - Building Window : CCleaner
[x] - Building Window : Finder
[x] - Building Window : Dock
[x] - Building Window : Dock
[x] - Building Window : SystemUIServer
[x] - Building Window : Dock
[x] - Building Window : Dock
[x] - Building Window : Finder
[x] - Building Window : Finder
[x] - Building Window : Spotlight
[x] - Building Window : Dock
[x] - Building Window : TextInputMenuAgent
[x] - Building Window : Control Centre
[x] - Building Window : Control Centre
[x] - Building Window : Window Server
[x] - Building Window : TextInputSwitcher
[x] - Building Window : Google Chrome
[x] - Building Window : Spotlight
[x] - Building Window : Finder
[x] - Building Window : Finder
[x] - Building Window : Window Server
[x] - Building Window : Control Centre
[x] - Building Window : Control Centre
[x] - Building Window : Control Centre
[x] - Building Window : Control Strip
[x] - Building Window : Control Strip
[x] - Building Window : Control Strip
[x] - Building Window : Control Strip
[x] - Building Window : Control Strip
[x] - Building Window : loginwindow
[x] - Building Window : Control Strip
[x] - Building Window : Notification Centre
[x] - Building Window : Control Centre
[x] - Building Window : Control Centre
[x] - Building Window : Control Centre
[x] - Building Window : Window Server
[x] - Building Window : Window Server