
[x] - Initiating Monitor 1 for os Darwin
[x] - Initiating Monitor 1 for os Darwin
[x] - Initiating Monitor 1 for os Darwin
[x] - Building Window : Nsapplicationpath
[x] - Building Window : Nsworkspaceapplicationkey
[x] - Building Window : Nsapplicationbundleidentifier
[x] - Building Window : Nsapplicationprocessserialnumberlow
[x] - Building Window : Nsapplicationprocessidentifier
[x] - Building Window : Nsapplicationprocessserialnumberhigh
[x] - Building Window : Nsapplicationname
[x] - Building Window : Nsapplicationpath
[x] - Building Window : Nsworkspaceapplicationkey
[x] - Building Window : Nsapplicationbundleidentifier
[x] - Building Window : Nsapplicationprocessserialnumberlow
[x] - Building Window : Nsapplicationprocessidentifier
[x] - Building Window : Nsapplicationprocessserialnumberhigh
[x] - Building Window : Nsapplicationname
[x] - Building Window : Nsapplicationpath
[x] - Building Window : Nsworkspaceapplicationkey
[x] - Building Window : Nsapplicationbundleidentifier
[x] - Building Window : Nsapplicationprocessserialnumberlow
[x] - Building Window : Nsapplicationprocessidentifier
[x] - Building Window : Nsapplicationprocessserialnumberhigh
[x] - Building Window : Nsapplicationname
[x] - Building Window : Nsapplicationpath
[x] - Building Window : Nsworkspaceapplicationkey
[x] - Building Window : Nsapplicationbundleidentifier
[x] - Building Window : Nsapplicationprocessserialnumberlow
[x] - Building Window : Nsapplicationprocessidentifier
[x] - Building Window : Nsapplicationprocessserialnumberhigh
[x] - Building Window : Nsapplicationname
[x] - Building Window : Nsapplicationpath
[x] - Building Window : Nsworkspaceapplicationkey
[x] - Building Window : Nsapplicationbundleidentifier
[x] - Building Window : Nsapplicationprocessserialnumberlow
[x] - Building Window : Nsapplicationprocessidentifier
[x] - Building Window : Nsapplicationprocessserialnumberhigh
[x] - Building Window : Nsapplicationname
[x] - Building Window : Nsapplicationpath
[x] - Building Window : Nsworkspaceapplicationkey
[x] - Building Window : Nsapplicationbundleidentifier
[x] - Building Window : Nsapplicationprocessserialnumberlow
[x] - Building Window : Nsapplicationprocessidentifier
[x] - Building Window : Nsapplicationprocessserialnumberhigh
[x] - Building Window : Nsapplicationname
[x] - Building Window : Nsapplicationpath
[x] - Building Window : Nsworkspaceapplicationkey
[x] - Building Window : Nsapplicationbundleidentifier
[x] - Building Window : Nsapplicationprocessserialnumberlow
[x] - Building Window : Nsapplicationprocessidentifier
[x] - Building Window : Nsapplicationprocessserialnumberhigh
[x] - Building Window : Nsapplicationname
[x] - Building Window : Nsapplicationpath
[x] - Building Window : Nsworkspaceapplicationkey
[x] - Building Window : Nsapplicationbundleidentifier
[x] - Building Window : Nsapplicationprocessserialnumberlow
[x] - Building Window : Nsapplicationprocessidentifier
[x] - Building Window : Nsapplicationprocessserialnumberhigh
[x] - Building Window : Nsapplicationname
[x] - Initiated Monitor 1 for os Darwin
[x] - Monitor 1 contain 56 window
[x] - STARTED TKINTER APP
[x] - Initiating Monitor 1 for os Darwin
[x] - Initiating Monitor 1 for os Darwin
[x] - Initiating Monitor 1 for os Darwin
[x] - Building Window : Desktop Picture - E64EDE42-A23E-42D7-9C3C-0CA580E5B268.png
[x] - Building Window : Desktop Picture - E64EDE42-A23E-42D7-9C3C-0CA580E5B268.png
[x] - Initiated Monitor 1 for os Darwin
[x] - Monitor 1 contain 2 window
[x] - STARTED TKINTER APP
[x] - Quitted Tkinter app
[x] - Initiating Monitor 1 for os Darwin
[x] - Building Window : Desktop Picture - E64EDE42-A23E-42D7-9C3C-0CA580E5B268.png
[x] - Building Window : Desktop Picture - E64EDE42-A23E-42D7-9C3C-0CA580E5B268.png
[x] - Initiated Monitor 1 for os Darwin
[x] - Monitor 1 contain 2 window
[x] - STARTED TKINTER APP
[x] - Initiating Monitor 1 for os Darwin
[x] - Building Window : Code
[x] - Building Window : Code
[x] - Building Window : Activity Monitor
[x] - Building Window : Dofus
[x] - Building Window : Dofus
[x] - Building Window : Finder
[x] - Building Window : Dock
[x] - Building Window : Dock
[x] - Building Window : Dock
[x] - Building Window : Window Server
[x] - Initiated Monitor 1 for os Darwin
[x] - Monitor 1 contain 10 window
[x] - STARTED TKINTER APP
[x] - Quitted Tkinter app
[x] - Initiating Monitor 1 for os Darwin
[x] - Building Window : Code
[x] - Building Window : Code
[x] - Building Window : Activity Monitor
[x] - Building Window : Dofus
[x] - Building Window : Finder
[x] - Building Window : Dock
[x] - Building Window : Dock
[x] - Building Window : Dock
[x] - Building Window : Window Server
[x] - Initiated Monitor 1 for os Darwin
[x] - Monitor 1 contain 9 window
[x] - STARTED TKINTER APP
[x] - Initiating Monitor 1 for os Darwin
[x] - Building Window : Terminal
[x] - Building Window : Dofus
[x] - Building Window : Dofus
[x] - Building Window : Finder
[x] - Building Window : Dock
[x] - Building Window : Window Server
[x] - Initiated Monitor 1 for os Darwin
[x] - Monitor 1 contain 6 window
[x] - STARTED TKINTER APP
[x] - Quitted Tkinter app
[x] - Initiating Monitor 1 for os Darwin
[x] - Building Window : Terminal
[x] - Building Window : Dofus
[x] - Building Window : Dofus
[x] - Building Window : Finder
[x] - Building Window : Dock
[x] - Building Window : Window Server
[x] - Initiated Monitor 1 for os Darwin
[x] - Monitor 1 contain 6 window
[x] - STARTED TKINTER APP
[x] - Quitted Tkinter app
[x] - Initiating Monitor 1 for os Darwin
[x] - Building Window : Terminal
[x] - Building Window : Dofus
[x] - Building Window : Dofus
[x] - Building Window : Finder
[x] - Building Window : Dock
[x] - Building Window : Window Server
[x] - Initiated Monitor 1 for os Darwin
[x] - Monitor 1 contain 6 window
[x] - Found 2 Dofus window
[x] - STARTED TKINTER APP
[x] - Quitted Tkinter app
[x] - Initiating Monitor 1 for os Darwin
[x] - Building Window : Terminal
[x] - Building Window : Dofus
[x] - Building Window : Dofus
[x] - Building Window : Finder
[x] - Building Window : Dock
[x] - Building Window : Window Server
[x] - Initiated Monitor 1 for os Darwin
[x] - Monitor 1 contain 6 window
[x] - Found 2 Dofus windows
[x] - STARTED TKINTER APP
[x] - Initiating Monitor 1 for os Darwin
[x] - Building Window : Terminal
[x] - Building Window : Dofus
[x] - Building Window : Dofus
[x] - Building Window : Finder
[x] - Building Window : Dock
[x] - Building Window : Window Server
[x] - Initiated Monitor 1 for os Darwin
[x] - Monitor 1 contain 6 window
[x] - Found 2 Dofus windows
[x] - STARTED TKINTER APP
[x] - Initiating Monitor 1 for os Darwin
[x] - Building Window : Terminal
[x] - Building Window : Dofus
[x] - Building Window : Dofus
[x] - Building Window : Finder
[x] - Building Window : Dock
[x] - Building Window : Window Server
[x] - Initiated Monitor 1 for os Darwin
[x] - Monitor 1 contain 6 window
[x] - Found 2 Dofus windows
[x] - STARTED TKINTER APP
[x] - Initiating Monitor 1 for os Darwin
[x] - Building Window : Terminal
[x] - Building Window : Dofus
[x] - Building Window : Dofus
[x] - Building Window : Finder
[x] - Building Window : Dock
[x] - Building Window : Window Server
[x] - Initiated Monitor 1 for os Darwin
[x] - Monitor 1 contain 6 window
[x] - Found 2 Dofus windows
[x] - STARTED TKINTER APP
[x] - Initiating Monitor 1 for os Darwin
[x] - Building Window : Terminal
[x] - Building Window : Dofus
[x] - Building Window : Dofus
[x] - Building Window : Finder
[x] - Building Window : Dock
[x] - Building Window : Window Server
[x] - Initiated Monitor 1 for os Darwin
[x] - Monitor 1 contain 6 window
[x] - Found 2 Dofus windows
[x] - STARTED TKINTER APP
[x] - Quitted Tkinter app
[x] - Initiating Monitor 1 for os Darwin
[x] - Building Window : Terminal
[x] - Building Window : Dofus
[x] - Building Window : Dofus
[x] - Building Window : Finder
[x] - Building Window : Dock
[x] - Building Window : Window Server
[x] - Initiated Monitor 1 for os Darwin
[x] - Monitor 1 contain 6 window
[x] - Found 2 Dofus windows
[x] - STARTED TKINTER APP
[x] - Initiating Monitor 1 for os Darwin
[x] - Building Window : Terminal
[x] - Building Window : Dofus
[x] - Building Window : Dofus
[x] - Building Window : Finder
[x] - Building Window : Dock
[x] - Building Window : Window Server
[x] - Initiated Monitor 1 for os Darwin
[x] - Monitor 1 contain 6 window
[x] - Found 2 Dofus windows
[x] - STARTED TKINTER APP
[x] - Quitted Tkinter app
[x] - Initiating Monitor 1 for os Darwin
[x] - Building Window : Terminal
[x] - Building Window : Dofus
[x] - Building Window : Dofus
[x] - Building Window : Finder
[x] - Building Window : Dock
[x] - Building Window : Window Server
[x] - Initiated Monitor 1 for os Darwin
[x] - Monitor 1 contain 6 window
[x] - Found 2 Dofus windows
[x] - STARTED TKINTER APP
[x] - Quitted Tkinter app
[x] - Initiating Monitor 1 for os Darwin
[x] - Building Window : Code
[x] - Building Window : Dofus
[x] - Building Window : Dofus
[x] - Building Window : Finder
[x] - Building Window : Dock
[x] - Building Window : Window Server
[x] - Initiated Monitor 1 for os Darwin
[x] - Monitor 1 contain 6 window
[x] - Found 2 Dofus windows
[x] - STARTED TKINTER APP
[x] - Quitted Tkinter app
[x] - Initiating Monitor 1 for os Darwin
[x] - Building Window : Code
[x] - Building Window : Dofus
[x] - Building Window : Dofus
[x] - Building Window : Finder
[x] - Building Window : Dock
[x] - Building Window : Window Server
[x] - Initiated Monitor 1 for os Darwin
[x] - Monitor 1 contain 6 window
[x] - Found 2 Dofus windows
[x] - STARTED TKINTER APP
[x] - Quitted Tkinter app
[x] - Initiating Monitor 1 for os Darwin
[x] - Building Window : Code
[x] - Building Window : Dofus
[x] - Building Window : Dofus
[x] - Building Window : Finder
[x] - Building Window : Dock
[x] - Building Window : Window Server
[x] - Initiated Monitor 1 for os Darwin
[x] - Monitor 1 contain 6 window
[x] - Found 2 Dofus windows
[x] - STARTED TKINTER APP
[x] - Quitted Tkinter app
[x] - Initiating Monitor 1 for os Darwin
[x] - Building Window : Code
[x] - Building Window : Dofus
[x] - Building Window : Dofus
[x] - Building Window : Finder
[x] - Building Window : Dock
[x] - Building Window : Window Server
[x] - Initiated Monitor 1 for os Darwin
[x] - Monitor 1 contain 6 window
[x] - Found 2 Dofus windows
[x] - STARTED TKINTER APP
[x] - Initiating Monitor 1 for os Darwin
[x] - Building Window : Code
[x] - Building Window : Dofus
[x] - Building Window : Dofus
[x] - Building Window : Finder
[x] - Building Window : Dock
[x] - Building Window : Window Server
[x] - Initiated Monitor 1 for os Darwin
[x] - Monitor 1 contain 6 window
[x] - Found 2 Dofus windows
[x] - STARTED TKINTER APP
[x] - Initiating Monitor 1 for os Darwin
[x] - Building Window : Code
[x] - Building Window : Dofus
[x] - Building Window : Dofus
[x] - Building Window : Finder
[x] - Building Window : Dock
[x] - Building Window : Window Server
[x] - Initiated Monitor 1 for os Darwin
[x] - Monitor 1 contain 6 window
[x] - Found 2 Dofus windows
[x] - STARTED TKINTER APP
[x] - Quitted Tkinter app
[x] - Initiating Monitor 1 for os Darwin
[x] - Building Window : Code
[x] - Building Window : Dofus
[x] - Building Window : Dofus
[x] - Building Window : Finder
[x] - Building Window : Dock
[x] - Building Window : Window Server
[x] - Initiated Monitor 1 for os Darwin
[x] - Monitor 1 contain 6 window
[x] - Found 2 Dofus windows
[x] - STARTED TKINTER APP
[x] - Quitted Tkinter app
[x] - Initiating Monitor 1 for os Darwin
[x] - Building Window : Code
[x] - Building Window : Dofus
[x] - Building Window : Dofus
[x] - Building Window : Finder
[x] - Building Window : Dock
[x] - Building Window : Window Server
[x] - Initiated Monitor 1 for os Darwin
[x] - Monitor 1 contain 6 window
[x] - Found 2 Dofus windows
[x] - STARTED TKINTER APP
[x] - Quitted Tkinter app
[x] - Initiating Monitor 1 for os Darwin
[x] - Building Window : Code
[x] - Building Window : Dofus
[x] - Building Window : Dofus
[x] - Building Window : Finder
[x] - Building Window : Dock
[x] - Building Window : Window Server
[x] - Initiated Monitor 1 for os Darwin
[x] - Monitor 1 contain 6 window
[x] - Found 2 Dofus windows
[x] - STARTED TKINTER APP
[x] - Quitted Tkinter app
[x] - Initiating Monitor 1 for os Darwin
[x] - Building Window : Code
[x] - Building Window : Dofus
[x] - Building Window : Dofus
[x] - Building Window : Finder
[x] - Building Window : Dock
[x] - Building Window : Window Server
[x] - Initiated Monitor 1 for os Darwin
[x] - Monitor 1 contain 6 window
[x] - Found 2 Dofus windows
[x] - STARTED TKINTER APP
[x] - Initiating Monitor 1 for os Darwin
[x] - Building Window : Code
[x] - Building Window : Dofus
[x] - Building Window : Dofus
[x] - Building Window : Finder
[x] - Building Window : Dock
[x] - Building Window : Window Server
[x] - Initiated Monitor 1 for os Darwin
[x] - Monitor 1 contain 6 window
[x] - Found 2 Dofus windows
[x] - STARTED TKINTER APP
[x] - Quitted Tkinter app
[x] - Initiating Monitor 1 for os Darwin
[x] - Building Window : Code
[x] - Building Window : Dofus
[x] - Building Window : Dofus
[x] - Building Window : Finder
[x] - Building Window : Dock
[x] - Building Window : Window Server
[x] - Initiated Monitor 1 for os Darwin
[x] - Monitor 1 contain 6 window
[x] - Found 2 Dofus windows
[x] - STARTED TKINTER APP
[x] - Quitted Tkinter app
[x] - Initiating Monitor 1 for os Darwin
[x] - Building Window : Code
[x] - Building Window : Dofus
[x] - Building Window : Dofus
[x] - Building Window : Finder
[x] - Building Window : Dock
[x] - Building Window : Window Server
[x] - Initiated Monitor 1 for os Darwin
[x] - Monitor 1 contain 6 window
[x] - Found 2 Dofus windows
[x] - STARTED TKINTER APP
[x] - Quitted Tkinter app
[x] - Initiating Monitor 1 for os Darwin
[x] - Building Window : Code
[x] - Building Window : Dofus
[x] - Building Window : Dofus
[x] - Building Window : Finder
[x] - Building Window : Dock
[x] - Building Window : Window Server
[x] - Initiated Monitor 1 for os Darwin
[x] - Monitor 1 contain 6 window
[x] - Found 2 Dofus windows
[x] - STARTED TKINTER APP
[x] - Initiating Monitor 1 for os Darwin
[x] - Building Window : Code
[x] - Building Window : Dofus
[x] - Building Window : Dofus
[x] - Building Window : Finder
[x] - Building Window : Dock
[x] - Building Window : Window Server
[x] - Initiated Monitor 1 for os Darwin
[x] - Monitor 1 contain 6 window
[x] - Found 2 Dofus windows
[x] - STARTED TKINTER APP
[x] - Quitted Tkinter app
[x] - Initiating Monitor 1 for os Darwin
[x] - Building Window : Code
[x] - Building Window : Dofus
[x] - Building Window : Dofus
[x] - Building Window : Finder
[x] - Building Window : Dock
[x] - Building Window : Window Server
[x] - Initiated Monitor 1 for os Darwin
[x] - Monitor 1 contain 6 window
[x] - Found 2 Dofus windows
[x] - STARTED TKINTER APP
[x] - Quitted Tkinter app
[x] - Initiating Monitor 1 for os Darwin
[x] - Building Window : Code
[x] - Building Window : Dofus
[x] - Building Window : Dofus
[x] - Building Window : Finder
[x] - Building Window : Dock
[x] - Building Window : Window Server
[x] - Initiated Monitor 1 for os Darwin
[x] - Monitor 1 contain 6 window
[x] - Found 2 Dofus windows
[x] - STARTED TKINTER APP
[x] - Quitted Tkinter app
[x] - Initiating Monitor 1 for os Darwin
[x] - Building Window : Code
[x] - Building Window : Dofus
[x] - Building Window : Dofus
[x] - Building Window : Finder
[x] - Building Window : Dock
[x] - Building Window : Window Server
[x] - Initiated Monitor 1 for os Darwin
[x] - Monitor 1 contain 6 window
[x] - Found 2 Dofus windows
[x] - STARTED TKINTER APP
[x] - Quitted Tkinter app
[x] - Initiating Monitor 1 for os Darwin
[x] - Building Window : Code
[x] - Building Window : Dofus
[x] - Building Window : Dofus
[x] - Building Window : Finder
[x] - Building Window : Dock
[x] - Building Window : Window Server
[x] - Initiated Monitor 1 for os Darwin
[x] - Monitor 1 contain 6 window
[x] - Found 2 Dofus windows
[x] - STARTED TKINTER APP
[x] - Quitted Tkinter app
[x] - Initiating Monitor 1 for os Darwin
[x] - Building Window : Code
[x] - Building Window : Dofus
[x] - Building Window : Dofus
[x] - Building Window : Finder
[x] - Building Window : Dock
[x] - Building Window : Window Server
[x] - Initiated Monitor 1 for os Darwin
[x] - Monitor 1 contain 6 window
[x] - Found 2 Dofus windows
[x] - STARTED TKINTER APP
[x] - Quitted Tkinter app
[x] - Initiating Monitor 1 for os Darwin
[x] - Building Window : Code
[x] - Building Window : Dofus
[x] - Building Window : Dofus
[x] - Building Window : Finder
[x] - Building Window : Dock
[x] - Building Window : Window Server
[x] - Initiated Monitor 1 for os Darwin
[x] - Monitor 1 contain 6 window
[x] - Found 2 Dofus windows
[x] - STARTED TKINTER APP
[x] - Initiating Monitor 1 for os Darwin
[x] - Building Window : Code
[x] - Building Window : Dofus
[x] - Building Window : Dofus
[x] - Building Window : Finder
[x] - Building Window : Dock
[x] - Building Window : Window Server
[x] - Initiated Monitor 1 for os Darwin
[x] - Monitor 1 contain 6 window
[x] - Found 2 Dofus windows
[x] - STARTED TKINTER APP
[x] - Quitted Tkinter app
[x] - Initiating Monitor 1 for os Darwin
[x] - Building Window : Code
[x] - Building Window : Dofus
[x] - Building Window : Dofus
[x] - Building Window : Finder
[x] - Building Window : Dock
[x] - Building Window : Window Server
[x] - Initiated Monitor 1 for os Darwin
[x] - Monitor 1 contain 6 window
[x] - Found 2 Dofus windows
[x] - STARTED TKINTER APP
[x] - Quitted Tkinter app
[x] - Initiating Monitor 1 for os Darwin
[x] - Building Window : Code
[x] - Building Window : Dofus
[x] - Building Window : Dofus
[x] - Building Window : Finder
[x] - Building Window : Dock
[x] - Building Window : Window Server
[x] - Initiated Monitor 1 for os Darwin
[x] - Monitor 1 contain 6 window
[x] - Found 2 Dofus windows
[x] - STARTED TKINTER APP
[x] - Quitted Tkinter app
[x] - Initiating Monitor 1 for os Darwin
[x] - Building Window : Notification Centre
[x] - Building Window : Code
[x] - Building Window : Dofus
[x] - Building Window : Dofus
[x] - Building Window : Finder
[x] - Building Window : Dock
[x] - Building Window : Window Server
[x] - Initiated Monitor 1 for os Darwin
[x] - Monitor 1 contain 7 window
[x] - Found 2 Dofus windows
[x] - STARTED TKINTER APP
[x] - Quitted Tkinter app
[x] - Initiating Monitor 1 for os Darwin
[x] - Building Window : Notification Centre
[x] - Building Window : Code
[x] - Building Window : Dofus
[x] - Building Window : Dofus
[x] - Building Window : Finder
[x] - Building Window : Dock
[x] - Building Window : Window Server
[x] - Initiated Monitor 1 for os Darwin
[x] - Monitor 1 contain 7 window
[x] - Found 2 Dofus windows
[x] - STARTED TKINTER APP
[x] - Quitted Tkinter app
[x] - Initiating Monitor 1 for os Darwin
[x] - Building Window : Notification Centre
[x] - Building Window : Code
[x] - Building Window : Dofus
[x] - Building Window : Dofus
[x] - Building Window : Finder
[x] - Building Window : Dock
[x] - Building Window : Window Server
[x] - Initiated Monitor 1 for os Darwin
[x] - Monitor 1 contain 7 window
[x] - Found 2 Dofus windows
[x] - STARTED TKINTER APP
[x] - Quitted Tkinter app
[x] - Initiating Monitor 1 for os Darwin
[x] - Building Window : Notification Centre
[x] - Building Window : Code
[x] - Building Window : Dofus
[x] - Building Window : Dofus
[x] - Building Window : Finder
[x] - Building Window : Dock
[x] - Building Window : Window Server
[x] - Initiated Monitor 1 for os Darwin
[x] - Monitor 1 contain 7 window
[x] - Found 2 Dofus windows
[x] - STARTED TKINTER APP
[x] - Initiating Monitor 1 for os Darwin
[x] - Building Window : Notification Centre
[x] - Building Window : Code
[x] - Building Window : Dofus
[x] - Building Window : Dofus
[x] - Building Window : Finder
[x] - Building Window : Dock
[x] - Building Window : Window Server
[x] - Initiated Monitor 1 for os Darwin
[x] - Monitor 1 contain 7 window
[x] - Found 2 Dofus windows
[x] - STARTED TKINTER APP
[x] - Quitted Tkinter app
[x] - Initiating Monitor 1 for os Darwin
[x] - Building Window : Notification Centre
[x] - Building Window : Code
[x] - Building Window : Dofus
[x] - Building Window : Dofus
[x] - Building Window : Finder
[x] - Building Window : Dock
[x] - Building Window : Window Server
[x] - Initiated Monitor 1 for os Darwin
[x] - Monitor 1 contain 7 window
[x] - Found 2 Dofus windows
[x] - STARTED TKINTER APP
[x] - Quitted Tkinter app
[x] - Initiating Monitor 1 for os Darwin
[x] - Building Window : Notification Centre
[x] - Building Window : Code
[x] - Building Window : Dofus
[x] - Building Window : Dofus
[x] - Building Window : Finder
[x] - Building Window : Dock
[x] - Building Window : Window Server
[x] - Initiated Monitor 1 for os Darwin
[x] - Monitor 1 contain 7 window
[x] - Found 2 Dofus windows
[x] - STARTED TKINTER APP
[x] - Quitted Tkinter app
[x] - Initiating Monitor 1 for os Darwin
[x] - Building Window : Notification Centre
[x] - Building Window : Code
[x] - Building Window : Dofus
[x] - Building Window : Dofus
[x] - Building Window : Finder
[x] - Building Window : Dock
[x] - Building Window : Window Server
[x] - Initiated Monitor 1 for os Darwin
[x] - Monitor 1 contain 7 window
[x] - Found 2 Dofus windows
[x] - STARTED TKINTER APP
[x] - Quitted Tkinter app
[x] - Initiating Monitor 1 for os Darwin
[x] - Building Window : Notification Centre
[x] - Building Window : Code
[x] - Building Window : Dofus
[x] - Building Window : Dofus
[x] - Building Window : Finder
[x] - Building Window : Dock
[x] - Building Window : Window Server
[x] - Initiated Monitor 1 for os Darwin
[x] - Monitor 1 contain 7 window
[x] - Found 2 Dofus windows
[x] - STARTED TKINTER APP
[x] - Quitted Tkinter app
[x] - Initiating Monitor 1 for os Darwin
[x] - Building Window : Notification Centre
[x] - Building Window : Code
[x] - Building Window : Dofus
[x] - Building Window : Dofus
[x] - Building Window : Finder
[x] - Building Window : Dock
[x] - Building Window : Window Server
[x] - Initiated Monitor 1 for os Darwin
[x] - Monitor 1 contain 7 window
[x] - Found 2 Dofus windows
[x] - STARTED TKINTER APP
[x] - Quitted Tkinter app
[x] - Initiating Monitor 1 for os Darwin
[x] - Building Window : Notification Centre
[x] - Building Window : Code
[x] - Building Window : Dofus
[x] - Building Window : Dofus
[x] - Building Window : Finder
[x] - Building Window : Dock
[x] - Building Window : Window Server
[x] - Initiated Monitor 1 for os Darwin
[x] - Monitor 1 contain 7 window
[x] - Found 2 Dofus windows
[x] - STARTED TKINTER APP
[x] - Quitted Tkinter app
[x] - Initiating Monitor 1 for os Darwin
[x] - Building Window : Notification Centre
[x] - Building Window : Code
[x] - Building Window : Dofus
[x] - Building Window : Dofus
[x] - Building Window : Finder
[x] - Building Window : Dock
[x] - Building Window : Window Server
[x] - Initiated Monitor 1 for os Darwin
[x] - Monitor 1 contain 7 window
[x] - Found 2 Dofus windows
[x] - STARTED TKINTER APP
[x] - Quitted Tkinter app
[x] - Initiating Monitor 1 for os Darwin
[x] - Building Window : Notification Centre
[x] - Building Window : Code
[x] - Building Window : Dofus
[x] - Building Window : Dofus
[x] - Building Window : Finder
[x] - Building Window : Dock
[x] - Building Window : Window Server
[x] - Initiated Monitor 1 for os Darwin
[x] - Monitor 1 contain 7 window
[x] - Found 2 Dofus windows
[x] - STARTED TKINTER APP
[x] - Quitted Tkinter app
[x] - Initiating Monitor 1 for os Darwin
[x] - Building Window : Code
[x] - Building Window : Dofus
[x] - Building Window : Dofus
[x] - Building Window : Finder
[x] - Building Window : Dock
[x] - Building Window : Window Server
[x] - Initiated Monitor 1 for os Darwin
[x] - Monitor 1 contain 6 window
[x] - Found 2 Dofus windows
[x] - STARTED TKINTER APP
[x] - Initiating Monitor 1 for os Darwin
[x] - Building Window : Code
[x] - Building Window : Dofus
[x] - Building Window : Dofus
[x] - Building Window : Finder
[x] - Building Window : Dock
[x] - Building Window : Window Server
[x] - Initiated Monitor 1 for os Darwin
[x] - Monitor 1 contain 6 window
[x] - Found 2 Dofus windows
[x] - STARTED TKINTER APP
[x] - Quitted Tkinter app
[x] - Initiating Monitor 1 for os Darwin
[x] - Building Window : Code
[x] - Building Window : Dofus
[x] - Building Window : Dofus
[x] - Building Window : Finder
[x] - Building Window : Dock
[x] - Building Window : Window Server
[x] - Initiated Monitor 1 for os Darwin
[x] - Monitor 1 contain 6 window
[x] - Found 2 Dofus windows
[x] - STARTED TKINTER APP
[x] - Initiating Monitor 1 for os Darwin
[x] - Building Window : Code
[x] - Building Window : Dofus
[x] - Building Window : Dofus
[x] - Building Window : Finder
[x] - Building Window : Dock
[x] - Building Window : Window Server
[x] - Initiated Monitor 1 for os Darwin
[x] - Monitor 1 contain 6 window
[x] - Found 2 Dofus windows
[x] - STARTED TKINTER APP
[x] - Initiating Monitor 1 for os Darwin
[x] - Building Window : Code
[x] - Building Window : Dofus
[x] - Building Window : Dofus
[x] - Building Window : Finder
[x] - Building Window : Dock
[x] - Building Window : Window Server
[x] - Initiated Monitor 1 for os Darwin
[x] - Monitor 1 contain 6 window
[x] - Found 2 Dofus windows
[x] - STARTED TKINTER APP
[x] - Initiating Monitor 1 for os Darwin
[x] - Building Window : Code
[x] - Building Window : Dofus
[x] - Building Window : Dofus
[x] - Building Window : Finder
[x] - Building Window : Dock
[x] - Building Window : Window Server
[x] - Initiated Monitor 1 for os Darwin
[x] - Monitor 1 contain 6 window
[x] - Found 2 Dofus windows
[x] - STARTED TKINTER APP
[x] - Initiating Monitor 1 for os Darwin
[x] - Building Window : Code
[x] - Building Window : Dofus
[x] - Building Window : Dofus
[x] - Building Window : Finder
[x] - Building Window : Dock
[x] - Building Window : Window Server
[x] - Initiated Monitor 1 for os Darwin
[x] - Monitor 1 contain 6 window
[x] - Found 2 Dofus windows
[x] - STARTED TKINTER APP
[x] - Quitted Tkinter app
[x] - Initiating Monitor 1 for os Darwin
[x] - Building Window : Code
[x] - Building Window : Dofus
[x] - Building Window : Dofus
[x] - Building Window : Finder
[x] - Building Window : Dock
[x] - Building Window : Window Server
[x] - Initiated Monitor 1 for os Darwin
[x] - Monitor 1 contain 6 window
[x] - Found 2 Dofus windows
[x] - STARTED TKINTER APP
[x] - Quitted Tkinter app
[x] - Initiating Monitor 1 for os Darwin
[x] - Building Window : Code
[x] - Building Window : Dofus
[x] - Building Window : Dofus
[x] - Building Window : Finder
[x] - Building Window : Dock
[x] - Building Window : Window Server
[x] - Initiated Monitor 1 for os Darwin
[x] - Monitor 1 contain 6 window
[x] - Found 2 Dofus windows
[x] - STARTED TKINTER APP
[x] - Quitted Tkinter app
[x] - Initiating Monitor 1 for os Darwin
[x] - Building Window : Code
[x] - Building Window : Dofus
[x] - Building Window : Dofus
[x] - Building Window : Finder
[x] - Building Window : Dock
[x] - Building Window : Window Server
[x] - Initiated Monitor 1 for os Darwin
[x] - Monitor 1 contain 6 window
[x] - Found 2 Dofus windows
[x] - STARTED TKINTER APP
[x] - Quitted Tkinter app
[x] - Initiating Monitor 1 for os Darwin
[x] - Building Window : Code
[x] - Building Window : Dofus
[x] - Building Window : Dofus
[x] - Building Window : Ankama Launcher
[x] - Building Window : Finder
[x] - Building Window : Dock
[x] - Building Window : Window Server
[x] - Initiated Monitor 1 for os Darwin
[x] - Monitor 1 contain 7 window
[x] - Found 2 Dofus windows
[x] - STARTED TKINTER APP
[x] - Quitted Tkinter app